<?xml version="1.0" encoding="utf-8"?>
<shfbBuild product="Sandcastle Help File Builder" version="2014.5.31.0" projectFile="E:\Telerik Academy\КПК\DevelopmentTools\Rep\Walk\MatrixWalk\MatrixWalk\bin\Debug\SandcastleHelpFile\MatrixWalk.shfbproj" started="6/27/2014 10:57:58 AM">
<buildStep step="Initializing">
Finding tools...
The Sandcastle tools are located in &#39;D:\Program Files (x86)\EWSoftware\Sandcastle Help File Builder\&#39;
Locating components in the following folder(s):
   E:\Telerik Academy\КПК\DevelopmentTools\Rep\Walk\MatrixWalk\MatrixWalk\bin\Debug\SandcastleHelpFile
Using presentation style &#39;VS2013&#39; located in &#39;D:\Program Files (x86)\EWSoftware\Sandcastle Help File Builder\PresentationStyles\VS2013&#39;
Loading and initializing plug-ins...
Lightweight Website Style Version 2014.5.31.0
Copyright &#169; 2006-2014, Eric Woodruff, All Rights Reserved
Portions Copyright &#169; 2014, Sam Harwell, All Rights Reserved
</buildStep>
<buildStep step="ValidatingDocumentationSources">
Validating and copying documentation source information
Source: E:\Telerik Academy\КПК\DevelopmentTools\Rep\Walk\MatrixWalk\MatrixWalk\MatrixWalk.csproj
    Found project &#39;E:\Telerik Academy\КПК\DevelopmentTools\Rep\Walk\MatrixWalk\MatrixWalk\MatrixWalk.csproj&#39;

Parsing project files
    Found assembly &#39;E:\Telerik Academy\КПК\DevelopmentTools\Rep\Walk\MatrixWalk\MatrixWalk\bin\Debug\MatrixWalk.exe&#39;
SHFB: Warning BE0007: A project with a different or higher framework version was found.  Changing project FrameworkVersion property from &#39;.NET Framework 4.0&#39; to &#39;.NET Framework 4.5&#39; for the build.

References to include (excluding framework assemblies):
    log4net

Copying XML comments files
    E:\Telerik Academy\КПК\DevelopmentTools\Rep\Walk\MatrixWalk\MatrixWalk\bin\Debug\MatrixWalk.XML -&gt; E:\Telerik Academy\КПК\DevelopmentTools\Rep\Walk\MatrixWalk\MatrixWalk\bin\Debug\SandcastleHelpFile\Help\Working\MatrixWalk.XML
</buildStep>
<buildStep step="GenerateSharedContent">
Generating shared content files (en-US, English (United States))...
<plugIn name="Lightweight Website Style" behavior="After" priority="1000">
</plugIn>    Last step completed in 00:00:00.0040
</buildStep>
<buildStep step="GenerateApiFilter">
Generating API filter for MRefBuilder...
    Last step completed in 00:00:00.0020
</buildStep>
<buildStep step="GenerateReflectionInfo">
Generating reflection information...
[C:\Windows\Microsoft.NET\Framework64\v4.0.30319\MSBuild.exe]
Build started 6/27/2014 10:57:59 AM.
Project &quot;E:\Telerik Academy\???\DevelopmentTools\Rep\Walk\MatrixWalk\MatrixWalk\bin\Debug\SandcastleHelpFile\Help\Working\GenerateRefInfo.proj&quot; on node 1 (default targets).
PrepareForBuild:
  Creating directory &quot;obj\Debug\&quot;.
GenerateRefInfo:
  MRefBuilder (v2014.5.31.0)
  Copyright c 2006-2014, Microsoft Corporation, All Rights Reserved.
  Portions Copyright c 2006-2014, Eric Woodruff, All Rights Reserved.
  Loaded 1 assemblies for reflection and 2 dependency assemblies.
  Wrote information on 1 namespaces, 3 types, and 11 members
  Copying file from &quot;reflection.org&quot; to &quot;reflection.all&quot;.
  XslTransform (v2014.5.31.0)
  Copyright c 2006-2014, Microsoft Corporation, All Rights Reserved.
  Portions Copyright c 2006-2014, Eric Woodruff, All Rights Reserved.
  Applying XSL transformation &#39;D:\Program Files (x86)\EWSoftware\Sandcastle Help File Builder\ProductionTransforms\MergeDuplicates.xsl&#39;.
Done Building Project &quot;E:\Telerik Academy\???\DevelopmentTools\Rep\Walk\MatrixWalk\MatrixWalk\bin\Debug\SandcastleHelpFile\Help\Working\GenerateRefInfo.proj&quot; (default targets).

Build succeeded.

Time Elapsed 00:00:01.07
    Last step completed in 00:00:01.2469
</buildStep>
<buildStep step="TransformReflectionInfo">
Transforming reflection output...
[C:\Windows\Microsoft.NET\Framework64\v4.0.30319\MSBuild.exe]
Build started 6/27/2014 10:58:00 AM.
Project &quot;E:\Telerik Academy\???\DevelopmentTools\Rep\Walk\MatrixWalk\MatrixWalk\bin\Debug\SandcastleHelpFile\Help\Working\TransformManifest.proj&quot; on node 1 (default targets).
TransformManifest:
  XslTransform (v2014.5.31.0)
  Copyright c 2006-2014, Microsoft Corporation, All Rights Reserved.
  Portions Copyright c 2006-2014, Eric Woodruff, All Rights Reserved.
  Applying XSL transformation &#39;D:\Program Files (x86)\EWSoftware\Sandcastle Help File Builder\\ProductionTransforms\ApplyVSDocModel.xsl&#39;.
  Copying file from &quot;reflection.xml&quot; to &quot;reflection.nofilenames&quot;.
  XslTransform (v2014.5.31.0)
  Copyright c 2006-2014, Microsoft Corporation, All Rights Reserved.
  Portions Copyright c 2006-2014, Eric Woodruff, All Rights Reserved.
  Applying XSL transformation &#39;D:\Program Files (x86)\EWSoftware\Sandcastle Help File Builder\ProductionTransforms\AddFilenames.xsl&#39;.
  XslTransform (v2014.5.31.0)
  Copyright c 2006-2014, Microsoft Corporation, All Rights Reserved.
  Portions Copyright c 2006-2014, Eric Woodruff, All Rights Reserved.
  Applying XSL transformation &#39;D:\Program Files (x86)\EWSoftware\Sandcastle Help File Builder\ProductionTransforms\ReflectionToManifest.xsl&#39;.
Done Building Project &quot;E:\Telerik Academy\???\DevelopmentTools\Rep\Walk\MatrixWalk\MatrixWalk\bin\Debug\SandcastleHelpFile\Help\Working\TransformManifest.proj&quot; (default targets).

Build succeeded.

Time Elapsed 00:00:00.78
    Last step completed in 00:00:00.9378
</buildStep>
<buildStep step="GenerateNamespaceSummaries">
Generating namespace summary information...
    Last step completed in 00:00:00.0400
</buildStep>
<buildStep step="CopyAdditionalContent">
Copying additional content files...
No additional content to copy
    Last step completed in 00:00:00.0040
</buildStep>
<buildStep step="MergeTablesOfContents">
Merging conceptual and additional tables of contents...
    Last step completed in 00:00:00.0040
</buildStep>
<buildStep step="GenerateIntermediateTableOfContents">
Generating intermediate table of contents file...
[C:\Windows\Microsoft.NET\Framework64\v4.0.30319\MSBuild.exe]
Build started 6/27/2014 10:58:01 AM.
Project &quot;E:\Telerik Academy\???\DevelopmentTools\Rep\Walk\MatrixWalk\MatrixWalk\bin\Debug\SandcastleHelpFile\Help\Working\GenerateIntermediateTOC.proj&quot; on node 1 (default targets).
GenerateIntermediateTOC:
  XslTransform (v2014.5.31.0)
  Copyright c 2006-2014, Microsoft Corporation, All Rights Reserved.
  Portions Copyright c 2006-2014, Eric Woodruff, All Rights Reserved.
  Applying XSL transformation &#39;D:\Program Files (x86)\EWSoftware\Sandcastle Help File Builder\\ProductionTransforms\CreateVSToc.xsl&#39;.
Done Building Project &quot;E:\Telerik Academy\???\DevelopmentTools\Rep\Walk\MatrixWalk\MatrixWalk\bin\Debug\SandcastleHelpFile\Help\Working\GenerateIntermediateTOC.proj&quot; (default targets).

Build succeeded.

Time Elapsed 00:00:00.17
Generating conceptual content intermediate TOC file...
    Last step completed in 00:00:00.3302
</buildStep>
<buildStep step="CreateBuildAssemblerConfigs">
Creating Sandcastle configuration files...
    sandcastle.config
    Last step completed in 00:00:00.1551
</buildStep>
<buildStep step="MergeCustomConfigs">
Merging custom build component configurations
E:\Telerik Academy\КПК\DevelopmentTools\Rep\Walk\MatrixWalk\MatrixWalk\bin\Debug\SandcastleHelpFile\Help\Working\sandcastle.config
    Last step completed in 00:00:00.0450
</buildStep>
<buildStep step="BuildReferenceTopics">
Building reference help topics...
[C:\Windows\Microsoft.NET\Framework64\v4.0.30319\MSBuild.exe]
Build started 6/27/2014 10:58:01 AM.
Project &quot;E:\Telerik Academy\???\DevelopmentTools\Rep\Walk\MatrixWalk\MatrixWalk\bin\Debug\SandcastleHelpFile\Help\Working\BuildReferenceTopics.proj&quot; on node 1 (default targets).
BuildReferenceTopics:
  BuildAssembler (v2014.5.31.0)
  Copyright c 2006-2014, Microsoft Corporation, All Rights Reserved.
  Portions Copyright c 2006-2014, Eric Woodruff, All Rights Reserved.
  Loading configuration...
  Processing topics...
  Processed 21 topic(s)
  CopyFromIndexComponent: &quot;reflection&quot; in-memory cache entries used: 2 of 15.
  CopyFromIndexComponent: &quot;comments&quot; in-memory cache entries used: 3 of 30.
Done Building Project &quot;E:\Telerik Academy\???\DevelopmentTools\Rep\Walk\MatrixWalk\MatrixWalk\bin\Debug\SandcastleHelpFile\Help\Working\BuildReferenceTopics.proj&quot; (default targets).

Build succeeded.

Time Elapsed 00:00:11.65
    Last step completed in 00:00:11.8623
</buildStep>
<buildStep step="CombiningIntermediateTocFiles">
Combining conceptual and API intermediate TOC files...

Clearing any prior web output
    Last step completed in 00:00:00.0310
</buildStep>
<buildStep step="ExtractingHtmlInfo">
Extracting HTML info for HTML Help 1 and/or website...
[C:\Windows\Microsoft.NET\Framework64\v4.0.30319\MSBuild.exe]
Sandcastle Help File Builder, version 2014.5.31.0
Copyright c 2006-2014, Eric Woodruff, All Rights Reserved
E-Mail: Eric@EWoodruff.us

Using LCID &#39;1033&#39;, code page &#39;65001&#39;, encoding charset &#39;UTF-8&#39;.

Processing website files in E:\Telerik Academy\???\DevelopmentTools\Rep\Walk\MatrixWalk\MatrixWalk\bin\Debug\SandcastleHelpFile\Help\Working\Output\Website
Processed 21 HTML files
Sorting keywords and generating See Also indices
Saving website keyword index to E:\Telerik Academy\???\DevelopmentTools\Rep\Walk\MatrixWalk\MatrixWalk\bin\Debug\SandcastleHelpFile\Help\Working\WebKI.xml
Saving website table of contents to E:\Telerik Academy\???\DevelopmentTools\Rep\Walk\MatrixWalk\MatrixWalk\bin\Debug\SandcastleHelpFile\Help\Working\WebTOC.xml
    Last step completed in 00:00:00.5561
</buildStep>
<buildStep step="CopyStandardHelpContent">
Copying standard help content...
D:\Program Files (x86)\EWSoftware\Sandcastle Help File Builder\PresentationStyles\VS2013\icons\AlertCaution.png -&gt; E:\Telerik Academy\КПК\DevelopmentTools\Rep\Walk\MatrixWalk\MatrixWalk\bin\Debug\SandcastleHelpFile\Help\Working\Output\Website\icons\AlertCaution.png
D:\Program Files (x86)\EWSoftware\Sandcastle Help File Builder\PresentationStyles\VS2013\icons\AlertNote.png -&gt; E:\Telerik Academy\КПК\DevelopmentTools\Rep\Walk\MatrixWalk\MatrixWalk\bin\Debug\SandcastleHelpFile\Help\Working\Output\Website\icons\AlertNote.png
D:\Program Files (x86)\EWSoftware\Sandcastle Help File Builder\PresentationStyles\VS2013\icons\AlertSecurity.png -&gt; E:\Telerik Academy\КПК\DevelopmentTools\Rep\Walk\MatrixWalk\MatrixWalk\bin\Debug\SandcastleHelpFile\Help\Working\Output\Website\icons\AlertSecurity.png
D:\Program Files (x86)\EWSoftware\Sandcastle Help File Builder\PresentationStyles\VS2013\icons\CFW.gif -&gt; E:\Telerik Academy\КПК\DevelopmentTools\Rep\Walk\MatrixWalk\MatrixWalk\bin\Debug\SandcastleHelpFile\Help\Working\Output\Website\icons\CFW.gif
D:\Program Files (x86)\EWSoftware\Sandcastle Help File Builder\PresentationStyles\VS2013\icons\CodeExample.png -&gt; E:\Telerik Academy\КПК\DevelopmentTools\Rep\Walk\MatrixWalk\MatrixWalk\bin\Debug\SandcastleHelpFile\Help\Working\Output\Website\icons\CodeExample.png
D:\Program Files (x86)\EWSoftware\Sandcastle Help File Builder\PresentationStyles\VS2013\icons\favicon.ico -&gt; E:\Telerik Academy\КПК\DevelopmentTools\Rep\Walk\MatrixWalk\MatrixWalk\bin\Debug\SandcastleHelpFile\Help\Working\Output\Website\icons\favicon.ico
D:\Program Files (x86)\EWSoftware\Sandcastle Help File Builder\PresentationStyles\VS2013\icons\privclass.gif -&gt; E:\Telerik Academy\КПК\DevelopmentTools\Rep\Walk\MatrixWalk\MatrixWalk\bin\Debug\SandcastleHelpFile\Help\Working\Output\Website\icons\privclass.gif
D:\Program Files (x86)\EWSoftware\Sandcastle Help File Builder\PresentationStyles\VS2013\icons\privdelegate.gif -&gt; E:\Telerik Academy\КПК\DevelopmentTools\Rep\Walk\MatrixWalk\MatrixWalk\bin\Debug\SandcastleHelpFile\Help\Working\Output\Website\icons\privdelegate.gif
D:\Program Files (x86)\EWSoftware\Sandcastle Help File Builder\PresentationStyles\VS2013\icons\privenumeration.gif -&gt; E:\Telerik Academy\КПК\DevelopmentTools\Rep\Walk\MatrixWalk\MatrixWalk\bin\Debug\SandcastleHelpFile\Help\Working\Output\Website\icons\privenumeration.gif
D:\Program Files (x86)\EWSoftware\Sandcastle Help File Builder\PresentationStyles\VS2013\icons\privevent.gif -&gt; E:\Telerik Academy\КПК\DevelopmentTools\Rep\Walk\MatrixWalk\MatrixWalk\bin\Debug\SandcastleHelpFile\Help\Working\Output\Website\icons\privevent.gif
D:\Program Files (x86)\EWSoftware\Sandcastle Help File Builder\PresentationStyles\VS2013\icons\privextension.gif -&gt; E:\Telerik Academy\КПК\DevelopmentTools\Rep\Walk\MatrixWalk\MatrixWalk\bin\Debug\SandcastleHelpFile\Help\Working\Output\Website\icons\privextension.gif
D:\Program Files (x86)\EWSoftware\Sandcastle Help File Builder\PresentationStyles\VS2013\icons\privfield.gif -&gt; E:\Telerik Academy\КПК\DevelopmentTools\Rep\Walk\MatrixWalk\MatrixWalk\bin\Debug\SandcastleHelpFile\Help\Working\Output\Website\icons\privfield.gif
D:\Program Files (x86)\EWSoftware\Sandcastle Help File Builder\PresentationStyles\VS2013\icons\privinterface.gif -&gt; E:\Telerik Academy\КПК\DevelopmentTools\Rep\Walk\MatrixWalk\MatrixWalk\bin\Debug\SandcastleHelpFile\Help\Working\Output\Website\icons\privinterface.gif
D:\Program Files (x86)\EWSoftware\Sandcastle Help File Builder\PresentationStyles\VS2013\icons\privmethod.gif -&gt; E:\Telerik Academy\КПК\DevelopmentTools\Rep\Walk\MatrixWalk\MatrixWalk\bin\Debug\SandcastleHelpFile\Help\Working\Output\Website\icons\privmethod.gif
D:\Program Files (x86)\EWSoftware\Sandcastle Help File Builder\PresentationStyles\VS2013\icons\privproperty.gif -&gt; E:\Telerik Academy\КПК\DevelopmentTools\Rep\Walk\MatrixWalk\MatrixWalk\bin\Debug\SandcastleHelpFile\Help\Working\Output\Website\icons\privproperty.gif
D:\Program Files (x86)\EWSoftware\Sandcastle Help File Builder\PresentationStyles\VS2013\icons\privstructure.gif -&gt; E:\Telerik Academy\КПК\DevelopmentTools\Rep\Walk\MatrixWalk\MatrixWalk\bin\Debug\SandcastleHelpFile\Help\Working\Output\Website\icons\privstructure.gif
D:\Program Files (x86)\EWSoftware\Sandcastle Help File Builder\PresentationStyles\VS2013\icons\protclass.gif -&gt; E:\Telerik Academy\КПК\DevelopmentTools\Rep\Walk\MatrixWalk\MatrixWalk\bin\Debug\SandcastleHelpFile\Help\Working\Output\Website\icons\protclass.gif
D:\Program Files (x86)\EWSoftware\Sandcastle Help File Builder\PresentationStyles\VS2013\icons\protdelegate.gif -&gt; E:\Telerik Academy\КПК\DevelopmentTools\Rep\Walk\MatrixWalk\MatrixWalk\bin\Debug\SandcastleHelpFile\Help\Working\Output\Website\icons\protdelegate.gif
D:\Program Files (x86)\EWSoftware\Sandcastle Help File Builder\PresentationStyles\VS2013\icons\protenumeration.gif -&gt; E:\Telerik Academy\КПК\DevelopmentTools\Rep\Walk\MatrixWalk\MatrixWalk\bin\Debug\SandcastleHelpFile\Help\Working\Output\Website\icons\protenumeration.gif
D:\Program Files (x86)\EWSoftware\Sandcastle Help File Builder\PresentationStyles\VS2013\icons\protevent.gif -&gt; E:\Telerik Academy\КПК\DevelopmentTools\Rep\Walk\MatrixWalk\MatrixWalk\bin\Debug\SandcastleHelpFile\Help\Working\Output\Website\icons\protevent.gif
D:\Program Files (x86)\EWSoftware\Sandcastle Help File Builder\PresentationStyles\VS2013\icons\protextension.gif -&gt; E:\Telerik Academy\КПК\DevelopmentTools\Rep\Walk\MatrixWalk\MatrixWalk\bin\Debug\SandcastleHelpFile\Help\Working\Output\Website\icons\protextension.gif
D:\Program Files (x86)\EWSoftware\Sandcastle Help File Builder\PresentationStyles\VS2013\icons\protfield.gif -&gt; E:\Telerik Academy\КПК\DevelopmentTools\Rep\Walk\MatrixWalk\MatrixWalk\bin\Debug\SandcastleHelpFile\Help\Working\Output\Website\icons\protfield.gif
D:\Program Files (x86)\EWSoftware\Sandcastle Help File Builder\PresentationStyles\VS2013\icons\protinterface.gif -&gt; E:\Telerik Academy\КПК\DevelopmentTools\Rep\Walk\MatrixWalk\MatrixWalk\bin\Debug\SandcastleHelpFile\Help\Working\Output\Website\icons\protinterface.gif
D:\Program Files (x86)\EWSoftware\Sandcastle Help File Builder\PresentationStyles\VS2013\icons\protmethod.gif -&gt; E:\Telerik Academy\КПК\DevelopmentTools\Rep\Walk\MatrixWalk\MatrixWalk\bin\Debug\SandcastleHelpFile\Help\Working\Output\Website\icons\protmethod.gif
D:\Program Files (x86)\EWSoftware\Sandcastle Help File Builder\PresentationStyles\VS2013\icons\protoperator.gif -&gt; E:\Telerik Academy\КПК\DevelopmentTools\Rep\Walk\MatrixWalk\MatrixWalk\bin\Debug\SandcastleHelpFile\Help\Working\Output\Website\icons\protoperator.gif
D:\Program Files (x86)\EWSoftware\Sandcastle Help File Builder\PresentationStyles\VS2013\icons\protproperty.gif -&gt; E:\Telerik Academy\КПК\DevelopmentTools\Rep\Walk\MatrixWalk\MatrixWalk\bin\Debug\SandcastleHelpFile\Help\Working\Output\Website\icons\protproperty.gif
D:\Program Files (x86)\EWSoftware\Sandcastle Help File Builder\PresentationStyles\VS2013\icons\protstructure.gif -&gt; E:\Telerik Academy\КПК\DevelopmentTools\Rep\Walk\MatrixWalk\MatrixWalk\bin\Debug\SandcastleHelpFile\Help\Working\Output\Website\icons\protstructure.gif
D:\Program Files (x86)\EWSoftware\Sandcastle Help File Builder\PresentationStyles\VS2013\icons\pubclass.gif -&gt; E:\Telerik Academy\КПК\DevelopmentTools\Rep\Walk\MatrixWalk\MatrixWalk\bin\Debug\SandcastleHelpFile\Help\Working\Output\Website\icons\pubclass.gif
D:\Program Files (x86)\EWSoftware\Sandcastle Help File Builder\PresentationStyles\VS2013\icons\pubdelegate.gif -&gt; E:\Telerik Academy\КПК\DevelopmentTools\Rep\Walk\MatrixWalk\MatrixWalk\bin\Debug\SandcastleHelpFile\Help\Working\Output\Website\icons\pubdelegate.gif
D:\Program Files (x86)\EWSoftware\Sandcastle Help File Builder\PresentationStyles\VS2013\icons\pubenumeration.gif -&gt; E:\Telerik Academy\КПК\DevelopmentTools\Rep\Walk\MatrixWalk\MatrixWalk\bin\Debug\SandcastleHelpFile\Help\Working\Output\Website\icons\pubenumeration.gif
D:\Program Files (x86)\EWSoftware\Sandcastle Help File Builder\PresentationStyles\VS2013\icons\pubevent.gif -&gt; E:\Telerik Academy\КПК\DevelopmentTools\Rep\Walk\MatrixWalk\MatrixWalk\bin\Debug\SandcastleHelpFile\Help\Working\Output\Website\icons\pubevent.gif
D:\Program Files (x86)\EWSoftware\Sandcastle Help File Builder\PresentationStyles\VS2013\icons\pubextension.gif -&gt; E:\Telerik Academy\КПК\DevelopmentTools\Rep\Walk\MatrixWalk\MatrixWalk\bin\Debug\SandcastleHelpFile\Help\Working\Output\Website\icons\pubextension.gif
D:\Program Files (x86)\EWSoftware\Sandcastle Help File Builder\PresentationStyles\VS2013\icons\pubfield.gif -&gt; E:\Telerik Academy\КПК\DevelopmentTools\Rep\Walk\MatrixWalk\MatrixWalk\bin\Debug\SandcastleHelpFile\Help\Working\Output\Website\icons\pubfield.gif
D:\Program Files (x86)\EWSoftware\Sandcastle Help File Builder\PresentationStyles\VS2013\icons\pubinterface.gif -&gt; E:\Telerik Academy\КПК\DevelopmentTools\Rep\Walk\MatrixWalk\MatrixWalk\bin\Debug\SandcastleHelpFile\Help\Working\Output\Website\icons\pubinterface.gif
D:\Program Files (x86)\EWSoftware\Sandcastle Help File Builder\PresentationStyles\VS2013\icons\pubmethod.gif -&gt; E:\Telerik Academy\КПК\DevelopmentTools\Rep\Walk\MatrixWalk\MatrixWalk\bin\Debug\SandcastleHelpFile\Help\Working\Output\Website\icons\pubmethod.gif
D:\Program Files (x86)\EWSoftware\Sandcastle Help File Builder\PresentationStyles\VS2013\icons\puboperator.gif -&gt; E:\Telerik Academy\КПК\DevelopmentTools\Rep\Walk\MatrixWalk\MatrixWalk\bin\Debug\SandcastleHelpFile\Help\Working\Output\Website\icons\puboperator.gif
D:\Program Files (x86)\EWSoftware\Sandcastle Help File Builder\PresentationStyles\VS2013\icons\pubproperty.gif -&gt; E:\Telerik Academy\КПК\DevelopmentTools\Rep\Walk\MatrixWalk\MatrixWalk\bin\Debug\SandcastleHelpFile\Help\Working\Output\Website\icons\pubproperty.gif
D:\Program Files (x86)\EWSoftware\Sandcastle Help File Builder\PresentationStyles\VS2013\icons\pubstructure.gif -&gt; E:\Telerik Academy\КПК\DevelopmentTools\Rep\Walk\MatrixWalk\MatrixWalk\bin\Debug\SandcastleHelpFile\Help\Working\Output\Website\icons\pubstructure.gif
D:\Program Files (x86)\EWSoftware\Sandcastle Help File Builder\PresentationStyles\VS2013\icons\SectionCollapsed.png -&gt; E:\Telerik Academy\КПК\DevelopmentTools\Rep\Walk\MatrixWalk\MatrixWalk\bin\Debug\SandcastleHelpFile\Help\Working\Output\Website\icons\SectionCollapsed.png
D:\Program Files (x86)\EWSoftware\Sandcastle Help File Builder\PresentationStyles\VS2013\icons\SectionExpanded.png -&gt; E:\Telerik Academy\КПК\DevelopmentTools\Rep\Walk\MatrixWalk\MatrixWalk\bin\Debug\SandcastleHelpFile\Help\Working\Output\Website\icons\SectionExpanded.png
D:\Program Files (x86)\EWSoftware\Sandcastle Help File Builder\PresentationStyles\VS2013\icons\slMobile.gif -&gt; E:\Telerik Academy\КПК\DevelopmentTools\Rep\Walk\MatrixWalk\MatrixWalk\bin\Debug\SandcastleHelpFile\Help\Working\Output\Website\icons\slMobile.gif
D:\Program Files (x86)\EWSoftware\Sandcastle Help File Builder\PresentationStyles\VS2013\icons\static.gif -&gt; E:\Telerik Academy\КПК\DevelopmentTools\Rep\Walk\MatrixWalk\MatrixWalk\bin\Debug\SandcastleHelpFile\Help\Working\Output\Website\icons\static.gif
D:\Program Files (x86)\EWSoftware\Sandcastle Help File Builder\PresentationStyles\VS2013\icons\xna.gif -&gt; E:\Telerik Academy\КПК\DevelopmentTools\Rep\Walk\MatrixWalk\MatrixWalk\bin\Debug\SandcastleHelpFile\Help\Working\Output\Website\icons\xna.gif
D:\Program Files (x86)\EWSoftware\Sandcastle Help File Builder\PresentationStyles\VS2013\scripts\branding.js -&gt; E:\Telerik Academy\КПК\DevelopmentTools\Rep\Walk\MatrixWalk\MatrixWalk\bin\Debug\SandcastleHelpFile\Help\Working\Output\Website\scripts\branding.js
D:\Program Files (x86)\EWSoftware\Sandcastle Help File Builder\PresentationStyles\VS2013\styles\branding-cs-CZ.css -&gt; E:\Telerik Academy\КПК\DevelopmentTools\Rep\Walk\MatrixWalk\MatrixWalk\bin\Debug\SandcastleHelpFile\Help\Working\Output\Website\styles\branding-cs-CZ.css
D:\Program Files (x86)\EWSoftware\Sandcastle Help File Builder\PresentationStyles\VS2013\styles\branding-de-DE.css -&gt; E:\Telerik Academy\КПК\DevelopmentTools\Rep\Walk\MatrixWalk\MatrixWalk\bin\Debug\SandcastleHelpFile\Help\Working\Output\Website\styles\branding-de-DE.css
D:\Program Files (x86)\EWSoftware\Sandcastle Help File Builder\PresentationStyles\VS2013\styles\branding-en-US.css -&gt; E:\Telerik Academy\КПК\DevelopmentTools\Rep\Walk\MatrixWalk\MatrixWalk\bin\Debug\SandcastleHelpFile\Help\Working\Output\Website\styles\branding-en-US.css
D:\Program Files (x86)\EWSoftware\Sandcastle Help File Builder\PresentationStyles\VS2013\styles\branding-es-ES.css -&gt; E:\Telerik Academy\КПК\DevelopmentTools\Rep\Walk\MatrixWalk\MatrixWalk\bin\Debug\SandcastleHelpFile\Help\Working\Output\Website\styles\branding-es-ES.css
D:\Program Files (x86)\EWSoftware\Sandcastle Help File Builder\PresentationStyles\VS2013\styles\branding-fr-FR.css -&gt; E:\Telerik Academy\КПК\DevelopmentTools\Rep\Walk\MatrixWalk\MatrixWalk\bin\Debug\SandcastleHelpFile\Help\Working\Output\Website\styles\branding-fr-FR.css
D:\Program Files (x86)\EWSoftware\Sandcastle Help File Builder\PresentationStyles\VS2013\styles\branding-Help1.css -&gt; E:\Telerik Academy\КПК\DevelopmentTools\Rep\Walk\MatrixWalk\MatrixWalk\bin\Debug\SandcastleHelpFile\Help\Working\Output\Website\styles\branding-Help1.css
D:\Program Files (x86)\EWSoftware\Sandcastle Help File Builder\PresentationStyles\VS2013\styles\branding-Help2.css -&gt; E:\Telerik Academy\КПК\DevelopmentTools\Rep\Walk\MatrixWalk\MatrixWalk\bin\Debug\SandcastleHelpFile\Help\Working\Output\Website\styles\branding-Help2.css
D:\Program Files (x86)\EWSoftware\Sandcastle Help File Builder\PresentationStyles\VS2013\styles\branding-HelpViewer.css -&gt; E:\Telerik Academy\КПК\DevelopmentTools\Rep\Walk\MatrixWalk\MatrixWalk\bin\Debug\SandcastleHelpFile\Help\Working\Output\Website\styles\branding-HelpViewer.css
D:\Program Files (x86)\EWSoftware\Sandcastle Help File Builder\PresentationStyles\VS2013\styles\branding-it-IT.css -&gt; E:\Telerik Academy\КПК\DevelopmentTools\Rep\Walk\MatrixWalk\MatrixWalk\bin\Debug\SandcastleHelpFile\Help\Working\Output\Website\styles\branding-it-IT.css
D:\Program Files (x86)\EWSoftware\Sandcastle Help File Builder\PresentationStyles\VS2013\styles\branding-ja-JP.css -&gt; E:\Telerik Academy\КПК\DevelopmentTools\Rep\Walk\MatrixWalk\MatrixWalk\bin\Debug\SandcastleHelpFile\Help\Working\Output\Website\styles\branding-ja-JP.css
D:\Program Files (x86)\EWSoftware\Sandcastle Help File Builder\PresentationStyles\VS2013\styles\branding-ko-KR.css -&gt; E:\Telerik Academy\КПК\DevelopmentTools\Rep\Walk\MatrixWalk\MatrixWalk\bin\Debug\SandcastleHelpFile\Help\Working\Output\Website\styles\branding-ko-KR.css
D:\Program Files (x86)\EWSoftware\Sandcastle Help File Builder\PresentationStyles\VS2013\styles\branding-pl-PL.css -&gt; E:\Telerik Academy\КПК\DevelopmentTools\Rep\Walk\MatrixWalk\MatrixWalk\bin\Debug\SandcastleHelpFile\Help\Working\Output\Website\styles\branding-pl-PL.css
D:\Program Files (x86)\EWSoftware\Sandcastle Help File Builder\PresentationStyles\VS2013\styles\branding-pt-BR.css -&gt; E:\Telerik Academy\КПК\DevelopmentTools\Rep\Walk\MatrixWalk\MatrixWalk\bin\Debug\SandcastleHelpFile\Help\Working\Output\Website\styles\branding-pt-BR.css
D:\Program Files (x86)\EWSoftware\Sandcastle Help File Builder\PresentationStyles\VS2013\styles\branding-ru-RU.css -&gt; E:\Telerik Academy\КПК\DevelopmentTools\Rep\Walk\MatrixWalk\MatrixWalk\bin\Debug\SandcastleHelpFile\Help\Working\Output\Website\styles\branding-ru-RU.css
D:\Program Files (x86)\EWSoftware\Sandcastle Help File Builder\PresentationStyles\VS2013\styles\branding-tr-TR.css -&gt; E:\Telerik Academy\КПК\DevelopmentTools\Rep\Walk\MatrixWalk\MatrixWalk\bin\Debug\SandcastleHelpFile\Help\Working\Output\Website\styles\branding-tr-TR.css
D:\Program Files (x86)\EWSoftware\Sandcastle Help File Builder\PresentationStyles\VS2013\styles\branding-Website.css -&gt; E:\Telerik Academy\КПК\DevelopmentTools\Rep\Walk\MatrixWalk\MatrixWalk\bin\Debug\SandcastleHelpFile\Help\Working\Output\Website\styles\branding-Website.css
D:\Program Files (x86)\EWSoftware\Sandcastle Help File Builder\PresentationStyles\VS2013\styles\branding-zh-CN.css -&gt; E:\Telerik Academy\КПК\DevelopmentTools\Rep\Walk\MatrixWalk\MatrixWalk\bin\Debug\SandcastleHelpFile\Help\Working\Output\Website\styles\branding-zh-CN.css
D:\Program Files (x86)\EWSoftware\Sandcastle Help File Builder\PresentationStyles\VS2013\styles\branding-zh-TW.css -&gt; E:\Telerik Academy\КПК\DevelopmentTools\Rep\Walk\MatrixWalk\MatrixWalk\bin\Debug\SandcastleHelpFile\Help\Working\Output\Website\styles\branding-zh-TW.css
D:\Program Files (x86)\EWSoftware\Sandcastle Help File Builder\PresentationStyles\VS2013\styles\branding.css -&gt; E:\Telerik Academy\КПК\DevelopmentTools\Rep\Walk\MatrixWalk\MatrixWalk\bin\Debug\SandcastleHelpFile\Help\Working\Output\Website\styles\branding.css
D:\Program Files (x86)\EWSoftware\Sandcastle Help File Builder\PresentationStyles\VS2013\Web\index.html -&gt; E:\Telerik Academy\КПК\DevelopmentTools\Rep\Walk\MatrixWalk\MatrixWalk\bin\Debug\SandcastleHelpFile\Help\Working\Output\Website\index.html
D:\Program Files (x86)\EWSoftware\Sandcastle Help File Builder\PresentationStyles\VS2013\Web\search.html -&gt; E:\Telerik Academy\КПК\DevelopmentTools\Rep\Walk\MatrixWalk\MatrixWalk\bin\Debug\SandcastleHelpFile\Help\Working\Output\Website\search.html
D:\Program Files (x86)\EWSoftware\Sandcastle Help File Builder\PresentationStyles\VS2013\Web\SearchHelp.aspx -&gt; E:\Telerik Academy\КПК\DevelopmentTools\Rep\Walk\MatrixWalk\MatrixWalk\bin\Debug\SandcastleHelpFile\Help\Working\Output\Website\SearchHelp.aspx
D:\Program Files (x86)\EWSoftware\Sandcastle Help File Builder\PresentationStyles\VS2013\Web\SearchHelp.inc.php -&gt; E:\Telerik Academy\КПК\DevelopmentTools\Rep\Walk\MatrixWalk\MatrixWalk\bin\Debug\SandcastleHelpFile\Help\Working\Output\Website\SearchHelp.inc.php
D:\Program Files (x86)\EWSoftware\Sandcastle Help File Builder\PresentationStyles\VS2013\Web\SearchHelp.php -&gt; E:\Telerik Academy\КПК\DevelopmentTools\Rep\Walk\MatrixWalk\MatrixWalk\bin\Debug\SandcastleHelpFile\Help\Working\Output\Website\SearchHelp.php
D:\Program Files (x86)\EWSoftware\Sandcastle Help File Builder\PresentationStyles\VS2013\Web\Web.Config -&gt; E:\Telerik Academy\КПК\DevelopmentTools\Rep\Walk\MatrixWalk\MatrixWalk\bin\Debug\SandcastleHelpFile\Help\Working\Output\Website\Web.Config
D:\Program Files (x86)\EWSoftware\Sandcastle Help File Builder\PresentationStyles\VS2013\Web\icons\Search.png -&gt; E:\Telerik Academy\КПК\DevelopmentTools\Rep\Walk\MatrixWalk\MatrixWalk\bin\Debug\SandcastleHelpFile\Help\Working\Output\Website\icons\Search.png
D:\Program Files (x86)\EWSoftware\Sandcastle Help File Builder\PresentationStyles\VS2013\Web\icons\TocClose.gif -&gt; E:\Telerik Academy\КПК\DevelopmentTools\Rep\Walk\MatrixWalk\MatrixWalk\bin\Debug\SandcastleHelpFile\Help\Working\Output\Website\icons\TocClose.gif
D:\Program Files (x86)\EWSoftware\Sandcastle Help File Builder\PresentationStyles\VS2013\Web\icons\TocCollapsed.gif -&gt; E:\Telerik Academy\КПК\DevelopmentTools\Rep\Walk\MatrixWalk\MatrixWalk\bin\Debug\SandcastleHelpFile\Help\Working\Output\Website\icons\TocCollapsed.gif
D:\Program Files (x86)\EWSoftware\Sandcastle Help File Builder\PresentationStyles\VS2013\Web\icons\TocExpanded.gif -&gt; E:\Telerik Academy\КПК\DevelopmentTools\Rep\Walk\MatrixWalk\MatrixWalk\bin\Debug\SandcastleHelpFile\Help\Working\Output\Website\icons\TocExpanded.gif
D:\Program Files (x86)\EWSoftware\Sandcastle Help File Builder\PresentationStyles\VS2013\Web\icons\TocOpen.gif -&gt; E:\Telerik Academy\КПК\DevelopmentTools\Rep\Walk\MatrixWalk\MatrixWalk\bin\Debug\SandcastleHelpFile\Help\Working\Output\Website\icons\TocOpen.gif
D:\Program Files (x86)\EWSoftware\Sandcastle Help File Builder\PresentationStyles\VS2013\Web\scripts\branding-Website.js -&gt; E:\Telerik Academy\КПК\DevelopmentTools\Rep\Walk\MatrixWalk\MatrixWalk\bin\Debug\SandcastleHelpFile\Help\Working\Output\Website\scripts\branding-Website.js
D:\Program Files (x86)\EWSoftware\Sandcastle Help File Builder\PresentationStyles\VS2013\Web\scripts\jquery-1.11.0.min.js -&gt; E:\Telerik Academy\КПК\DevelopmentTools\Rep\Walk\MatrixWalk\MatrixWalk\bin\Debug\SandcastleHelpFile\Help\Working\Output\Website\scripts\jquery-1.11.0.min.js
    Last step completed in 00:00:00.3072
</buildStep>
<buildStep step="GenerateHelpFormatTableOfContents">
Generating website table of contents file...
    Last step completed in 00:00:00.0020
</buildStep>
<buildStep step="GenerateFullTextIndex">
Generating full-text index for the website...

<plugIn name="Lightweight Website Style" behavior="After" priority="1000">
Adding lightweight search and TOC elements to each topic...
</plugIn>    Last step completed in 00:00:00.2112
</buildStep>
<buildStep step="CopyingWebsiteFiles">
Copying website files to output folder...

Copied 100 files
Copied 127 files for the website content
    Last step completed in 00:00:00.2802
</buildStep>
<buildStep step="CleanIntermediates">
Removing intermediate files...
    Last step completed in 00:00:00.0230
</buildStep>
<buildStep step="Completed">

Build completed successfully at 06/27/2014 10:58 AM.  Total time: 00:00:16.5686

</buildStep>
</shfbBuild>
